PS E:\MyRepositories\learn-nestjs> npx ts-node ./node_modules/typeorm/cli -d ./typeOrm.config.ts migration:run
query: SELECT * FROM current_schema()
query: SELECT version();
query: SELECT * FROM "information_schema"."tables" WHERE "table_schema" = 'public' AND "table_name" = 'migrations'
query: CREATE TABLE "migrations" ("id" SERIAL NOT NULL, "timestamp" bigint NOT NULL, "name" character varying NOT NULL, CONSTRAINT "PK_8c82d7f526340ab734260ea46be" PRIMARY KEY ("id"))
PS E:\MyRepositories\learn-nestjs> npx ts-node ./node_modules/typeorm/cli -d ./typeOrm.config.ts migration:run
🚀 ~ file: typeOrm.config.ts:12 ~ configService 127.0.0.1
query: SELECT * FROM current_schema()
query: SELECT version();
query: SELECT * FROM "information_schema"."tables" WHERE "table_schema" = 'public' AND "table_name" = 'migrations'
query: SELECT * FROM "migrations" "migrations" ORDER BY "id" DESC
0 migrations are already loaded in the database.
1 migrations were found in the source code.
1 migrations are new migrations must be executed.
query: START TRANSACTION
query: CREATE TABLE "user_details" ("id" SERIAL NOT NULL, "more_detail" character varying, "user_id" integer NOT NULL, CONSTRAINT "REL_ef1a1915f99bcf7a87049f7449" UNIQUE ("user_id"), CONSTRAINT "PK_fb08394d3f499b9e441cab9ca51" PRIMARY KEY ("id"))                                                                                                                              STRAI
query: CREATE TABLE "users" ("id" SERIAL NOT NULL, "username" character varying NOT NULL, "password" character varying NOT NULL, "full_name" character varying NOT NULL, "role_id" integer     NT "PK_fb08394d3f NOT NULL, "email" character varying NOT NULL, "phone" character varying, "birthday" date, "bank_number" character varying, "money" integer, "locked_money" integer, "anti_phishing_code"  NOT 
character varying, "user_status" character varying NOT NULL, "created_at" TIMESTAMP NOT NULL DEFAULT ('now'::text)::timestamp(6) with time zone, "updated_at" TIMESTAMP NOT NULL DEFAULT (cter NULL, "email" cha'now'::text)::timestamp(6) with time zone, CONSTRAINT "UQ_fe0bb3f6520ee0469504521e710" UNIQUE ("username"), CONSTRAINT "PK_a3ffb1c0c8416b9fc6f907b7433" PRIMARY KEY ("id"))               t)::tatus" character v
query: CREATE TABLE "roles" ("id" SERIAL NOT NULL, "role_name" character varying NOT NULL, "description" character varying NOT NULL, CONSTRAINT "PK_c1433d71a4838793a49dcad46ab" PRIMARY K     AINT "UQ_fe0bb3f6EY ("id"))                                                                                                                                                                                EY ("
query: ALTER TABLE "user_details" ADD CONSTRAINT "FK_ef1a1915f99bcf7a87049f74494" FOREIGN KEY ("user_id") REFERENCES "users"("id") ON DELETE NO ACTION ON UPDATE NO ACTION                     id"))
query: ALTER TABLE "users" ADD CONSTRAINT "FK_a2cecd1a3531c0b041e29ba46e1" FOREIGN KEY ("role_id") REFERENCES "roles"("id") ON DELETE NO ACTION ON UPDATE NO ACTION
query: INSERT INTO "migrations"("timestamp", "name") VALUES ($1, $2) -- PARAMETERS: [1671965498960,"Init1671965498960"]
Migration Init1671965498960 has been  executed successfully.
query: COMMIT